<?xml version="1.0" encoding="UTF-8" standalone="no"?>
<!DOCTYPE log SYSTEM "logger.dtd">
<log>
<record>
  <date>2021-02-22T15:59:22.553167500Z</date>
  <millis>1614009562553</millis>
  <nanos>167500</nanos>
  <sequence>0</sequence>
  <logger>MyRunnable</logger>
  <level>INFO</level>
  <class>MyRunnable</class>
  <method>run</method>
  <thread>16</thread>
  <message>MyRunnable thread started...
</message>
</record>
<record>
  <date>2021-02-22T15:59:22.618227400Z</date>
  <millis>1614009562618</millis>
  <nanos>227400</nanos>
  <sequence>3</sequence>
  <logger>MyRunnable</logger>
  <level>INFO</level>
  <class>MyRunnable</class>
  <method>run</method>
  <thread>16</thread>
  <message>Thread-1 value = 0
</message>
</record>
<record>
  <date>2021-02-22T15:59:22.619228500Z</date>
  <millis>1614009562619</millis>
  <nanos>228500</nanos>
  <sequence>4</sequence>
  <logger>MyRunnable</logger>
  <level>INFO</level>
  <class>MyRunnable</class>
  <method>run</method>
  <thread>16</thread>
  <message>Thread-1 value = 1
</message>
</record>
<record>
  <date>2021-02-22T15:59:22.620229Z</date>
  <millis>1614009562620</millis>
  <nanos>229000</nanos>
  <sequence>6</sequence>
  <logger>MyRunnable</logger>
  <level>INFO</level>
  <class>MyRunnable</class>
  <method>run</method>
  <thread>16</thread>
  <message>Thread-1 value = 3
</message>
</record>
<record>
  <date>2021-02-22T15:59:22.621230400Z</date>
  <millis>1614009562621</millis>
  <nanos>230400</nanos>
  <sequence>8</sequence>
  <logger>MyRunnable</logger>
  <level>INFO</level>
  <class>MyRunnable</class>
  <method>run</method>
  <thread>16</thread>
  <message>Thread-1 value = 5
</message>
</record>
<record>
  <date>2021-02-22T15:59:22.622231Z</date>
  <millis>1614009562622</millis>
  <nanos>231000</nanos>
  <sequence>10</sequence>
  <logger>MyRunnable</logger>
  <level>INFO</level>
  <class>MyRunnable</class>
  <method>run</method>
  <thread>16</thread>
  <message>Thread-1 value = 7
</message>
</record>
<record>
  <date>2021-02-22T15:59:22.623232200Z</date>
  <millis>1614009562623</millis>
  <nanos>232200</nanos>
  <sequence>12</sequence>
  <logger>MyRunnable</logger>
  <level>INFO</level>
  <class>MyRunnable</class>
  <method>run</method>
  <thread>16</thread>
  <message>Thread-1 value = 9
</message>
</record>
<record>
  <date>2021-02-22T15:59:22.623232200Z</date>
  <millis>1614009562623</millis>
  <nanos>232200</nanos>
  <sequence>14</sequence>
  <logger>MyRunnable</logger>
  <level>INFO</level>
  <class>MyRunnable</class>
  <method>run</method>
  <thread>16</thread>
  <message>Thread-1 value = 11
</message>
</record>
<record>
  <date>2021-02-22T15:59:22.624233300Z</date>
  <millis>1614009562624</millis>
  <nanos>233300</nanos>
  <sequence>16</sequence>
  <logger>MyRunnable</logger>
  <level>INFO</level>
  <class>MyRunnable</class>
  <method>run</method>
  <thread>16</thread>
  <message>Thread-1 value = 13
</message>
</record>
<record>
  <date>2021-02-22T15:59:22.625233800Z</date>
  <millis>1614009562625</millis>
  <nanos>233800</nanos>
  <sequence>18</sequence>
  <logger>MyRunnable</logger>
  <level>INFO</level>
  <class>MyRunnable</class>
  <method>run</method>
  <thread>16</thread>
  <message>Thread-1 value = 15
</message>
</record>
<record>
  <date>2021-02-22T15:59:22.626235800Z</date>
  <millis>1614009562626</millis>
  <nanos>235800</nanos>
  <sequence>20</sequence>
  <logger>MyRunnable</logger>
  <level>INFO</level>
  <class>MyRunnable</class>
  <method>run</method>
  <thread>16</thread>
  <message>Thread-1 value = 17
</message>
</record>
<record>
  <date>2021-02-22T15:59:22.627235300Z</date>
  <millis>1614009562627</millis>
  <nanos>235300</nanos>
  <sequence>23</sequence>
  <logger>MyRunnable</logger>
  <level>INFO</level>
  <class>MyRunnable</class>
  <method>run</method>
  <thread>16</thread>
  <message>Thread-1 value = 20
</message>
</record>
<record>
  <date>2021-02-22T15:59:22.628236800Z</date>
  <millis>1614009562628</millis>
  <nanos>236800</nanos>
  <sequence>25</sequence>
  <logger>MyRunnable</logger>
  <level>INFO</level>
  <class>MyRunnable</class>
  <method>run</method>
  <thread>16</thread>
  <message>Thread-1 value = 22
</message>
</record>
<record>
  <date>2021-02-22T15:59:22.628236800Z</date>
  <millis>1614009562628</millis>
  <nanos>236800</nanos>
  <sequence>27</sequence>
  <logger>MyRunnable</logger>
  <level>INFO</level>
  <class>MyRunnable</class>
  <method>run</method>
  <thread>16</thread>
  <message>Thread-1 value = 24
</message>
</record>
<record>
  <date>2021-02-22T15:59:22.629238Z</date>
  <millis>1614009562629</millis>
  <nanos>238000</nanos>
  <sequence>29</sequence>
  <logger>MyRunnable</logger>
  <level>INFO</level>
  <class>MyRunnable</class>
  <method>run</method>
  <thread>16</thread>
  <message>Thread-1 value = 26
</message>
</record>
<record>
  <date>2021-02-22T15:59:22.629238Z</date>
  <millis>1614009562629</millis>
  <nanos>238000</nanos>
  <sequence>31</sequence>
  <logger>MyRunnable</logger>
  <level>INFO</level>
  <class>MyRunnable</class>
  <method>run</method>
  <thread>16</thread>
  <message>Thread-1 value = 28
</message>
</record>
<record>
  <date>2021-02-22T15:59:22.630238500Z</date>
  <millis>1614009562630</millis>
  <nanos>238500</nanos>
  <sequence>33</sequence>
  <logger>MyRunnable</logger>
  <level>INFO</level>
  <class>MyRunnable</class>
  <method>run</method>
  <thread>16</thread>
  <message>Thread-1 value = 30
</message>
</record>
<record>
  <date>2021-02-22T15:59:22.630238500Z</date>
  <millis>1614009562630</millis>
  <nanos>238500</nanos>
  <sequence>35</sequence>
  <logger>MyRunnable</logger>
  <level>INFO</level>
  <class>MyRunnable</class>
  <method>run</method>
  <thread>16</thread>
  <message>Thread-1 value = 32
</message>
</record>
<record>
  <date>2021-02-22T15:59:22.631240100Z</date>
  <millis>1614009562631</millis>
  <nanos>240100</nanos>
  <sequence>37</sequence>
  <logger>MyRunnable</logger>
  <level>INFO</level>
  <class>MyRunnable</class>
  <method>run</method>
  <thread>16</thread>
  <message>Thread-1 value = 34
</message>
</record>
<record>
  <date>2021-02-22T15:59:22.632240300Z</date>
  <millis>1614009562632</millis>
  <nanos>240300</nanos>
  <sequence>39</sequence>
  <logger>MyRunnable</logger>
  <level>INFO</level>
  <class>MyRunnable</class>
  <method>run</method>
  <thread>16</thread>
  <message>Thread-1 value = 36
</message>
</record>
<record>
  <date>2021-02-22T15:59:22.632240300Z</date>
  <millis>1614009562632</millis>
  <nanos>240300</nanos>
  <sequence>41</sequence>
  <logger>MyRunnable</logger>
  <level>INFO</level>
  <class>MyRunnable</class>
  <method>run</method>
  <thread>16</thread>
  <message>Thread-1 value = 38
</message>
</record>
<record>
  <date>2021-02-22T15:59:22.633241500Z</date>
  <millis>1614009562633</millis>
  <nanos>241500</nanos>
  <sequence>43</sequence>
  <logger>MyRunnable</logger>
  <level>INFO</level>
  <class>MyRunnable</class>
  <method>run</method>
  <thread>16</thread>
  <message>Thread-1 value = 40
</message>
</record>
<record>
  <date>2021-02-22T15:59:22.633241500Z</date>
  <millis>1614009562633</millis>
  <nanos>241500</nanos>
  <sequence>45</sequence>
  <logger>MyRunnable</logger>
  <level>INFO</level>
  <class>MyRunnable</class>
  <method>run</method>
  <thread>16</thread>
  <message>Thread-1 value = 42
</message>
</record>
<record>
  <date>2021-02-22T15:59:22.634241600Z</date>
  <millis>1614009562634</millis>
  <nanos>241600</nanos>
  <sequence>47</sequence>
  <logger>MyRunnable</logger>
  <level>INFO</level>
  <class>MyRunnable</class>
  <method>run</method>
  <thread>16</thread>
  <message>Thread-1 value = 44
</message>
</record>
<record>
  <date>2021-02-22T15:59:22.634241600Z</date>
  <millis>1614009562634</millis>
  <nanos>241600</nanos>
  <sequence>49</sequence>
  <logger>MyRunnable</logger>
  <level>INFO</level>
  <class>MyRunnable</class>
  <method>run</method>
  <thread>16</thread>
  <message>Thread-1 value = 46
</message>
</record>
<record>
  <date>2021-02-22T15:59:22.635242700Z</date>
  <millis>1614009562635</millis>
  <nanos>242700</nanos>
  <sequence>51</sequence>
  <logger>MyRunnable</logger>
  <level>INFO</level>
  <class>MyRunnable</class>
  <method>run</method>
  <thread>16</thread>
  <message>Thread-1 value = 48
</message>
</record>
<record>
  <date>2021-02-22T15:59:22.635242700Z</date>
  <millis>1614009562635</millis>
  <nanos>242700</nanos>
  <sequence>53</sequence>
  <logger>MyRunnable</logger>
  <level>INFO</level>
  <class>MyRunnable</class>
  <method>run</method>
  <thread>16</thread>
  <message>Thread-1 value = 50
</message>
</record>
<record>
  <date>2021-02-22T15:59:22.636243800Z</date>
  <millis>1614009562636</millis>
  <nanos>243800</nanos>
  <sequence>55</sequence>
  <logger>MyRunnable</logger>
  <level>INFO</level>
  <class>MyRunnable</class>
  <method>run</method>
  <thread>16</thread>
  <message>Thread-1 value = 52
</message>
</record>
<record>
  <date>2021-02-22T15:59:22.636243800Z</date>
  <millis>1614009562636</millis>
  <nanos>243800</nanos>
  <sequence>57</sequence>
  <logger>MyRunnable</logger>
  <level>INFO</level>
  <class>MyRunnable</class>
  <method>run</method>
  <thread>16</thread>
  <message>Thread-1 value = 54
</message>
</record>
<record>
  <date>2021-02-22T15:59:22.637245100Z</date>
  <millis>1614009562637</millis>
  <nanos>245100</nanos>
  <sequence>59</sequence>
  <logger>MyRunnable</logger>
  <level>INFO</level>
  <class>MyRunnable</class>
  <method>run</method>
  <thread>16</thread>
  <message>Thread-1 value = 56
</message>
</record>
<record>
  <date>2021-02-22T15:59:22.638246200Z</date>
  <millis>1614009562638</millis>
  <nanos>246200</nanos>
  <sequence>61</sequence>
  <logger>MyRunnable</logger>
  <level>INFO</level>
  <class>MyRunnable</class>
  <method>run</method>
  <thread>16</thread>
  <message>Thread-1 value = 58
</message>
</record>
<record>
  <date>2021-02-22T15:59:22.638246200Z</date>
  <millis>1614009562638</millis>
  <nanos>246200</nanos>
  <sequence>63</sequence>
  <logger>MyRunnable</logger>
  <level>INFO</level>
  <class>MyRunnable</class>
  <method>run</method>
  <thread>16</thread>
  <message>Thread-1 value = 60
</message>
</record>
<record>
  <date>2021-02-22T15:59:22.638246200Z</date>
  <millis>1614009562638</millis>
  <nanos>246200</nanos>
  <sequence>65</sequence>
  <logger>MyRunnable</logger>
  <level>INFO</level>
  <class>MyRunnable</class>
  <method>run</method>
  <thread>16</thread>
  <message>Thread-1 value = 62
</message>
</record>
<record>
  <date>2021-02-22T15:59:22.639246600Z</date>
  <millis>1614009562639</millis>
  <nanos>246600</nanos>
  <sequence>67</sequence>
  <logger>MyRunnable</logger>
  <level>INFO</level>
  <class>MyRunnable</class>
  <method>run</method>
  <thread>16</thread>
  <message>Thread-1 value = 64
</message>
</record>
<record>
  <date>2021-02-22T15:59:22.639246600Z</date>
  <millis>1614009562639</millis>
  <nanos>246600</nanos>
  <sequence>69</sequence>
  <logger>MyRunnable</logger>
  <level>INFO</level>
  <class>MyRunnable</class>
  <method>run</method>
  <thread>16</thread>
  <message>Thread-1 value = 66
</message>
</record>
<record>
  <date>2021-02-22T15:59:22.639246600Z</date>
  <millis>1614009562639</millis>
  <nanos>246600</nanos>
  <sequence>71</sequence>
  <logger>MyRunnable</logger>
  <level>INFO</level>
  <class>MyRunnable</class>
  <method>run</method>
  <thread>16</thread>
  <message>Thread-1 value = 68
</message>
</record>
<record>
  <date>2021-02-22T15:59:22.640247100Z</date>
  <millis>1614009562640</millis>
  <nanos>247100</nanos>
  <sequence>73</sequence>
  <logger>MyRunnable</logger>
  <level>INFO</level>
  <class>MyRunnable</class>
  <method>run</method>
  <thread>16</thread>
  <message>Thread-1 value = 70
</message>
</record>
<record>
  <date>2021-02-22T15:59:22.641248300Z</date>
  <millis>1614009562641</millis>
  <nanos>248300</nanos>
  <sequence>75</sequence>
  <logger>MyRunnable</logger>
  <level>INFO</level>
  <class>MyRunnable</class>
  <method>run</method>
  <thread>16</thread>
  <message>Thread-1 value = 72
</message>
</record>
<record>
  <date>2021-02-22T15:59:22.641248300Z</date>
  <millis>1614009562641</millis>
  <nanos>248300</nanos>
  <sequence>77</sequence>
  <logger>MyRunnable</logger>
  <level>INFO</level>
  <class>MyRunnable</class>
  <method>run</method>
  <thread>16</thread>
  <message>Thread-1 value = 74
</message>
</record>
<record>
  <date>2021-02-22T15:59:22.641248300Z</date>
  <millis>1614009562641</millis>
  <nanos>248300</nanos>
  <sequence>79</sequence>
  <logger>MyRunnable</logger>
  <level>INFO</level>
  <class>MyRunnable</class>
  <method>run</method>
  <thread>16</thread>
  <message>Thread-1 value = 76
</message>
</record>
<record>
  <date>2021-02-22T15:59:22.642249400Z</date>
  <millis>1614009562642</millis>
  <nanos>249400</nanos>
  <sequence>81</sequence>
  <logger>MyRunnable</logger>
  <level>INFO</level>
  <class>MyRunnable</class>
  <method>run</method>
  <thread>16</thread>
  <message>Thread-1 value = 78
</message>
</record>
<record>
  <date>2021-02-22T15:59:22.642249400Z</date>
  <millis>1614009562642</millis>
  <nanos>249400</nanos>
  <sequence>83</sequence>
  <logger>MyRunnable</logger>
  <level>INFO</level>
  <class>MyRunnable</class>
  <method>run</method>
  <thread>16</thread>
  <message>Thread-1 value = 80
</message>
</record>
<record>
  <date>2021-02-22T15:59:22.643250300Z</date>
  <millis>1614009562643</millis>
  <nanos>250300</nanos>
  <sequence>85</sequence>
  <logger>MyRunnable</logger>
  <level>INFO</level>
  <class>MyRunnable</class>
  <method>run</method>
  <thread>16</thread>
  <message>Thread-1 value = 82
</message>
</record>
<record>
  <date>2021-02-22T15:59:22.643250300Z</date>
  <millis>1614009562643</millis>
  <nanos>250300</nanos>
  <sequence>87</sequence>
  <logger>MyRunnable</logger>
  <level>INFO</level>
  <class>MyRunnable</class>
  <method>run</method>
  <thread>16</thread>
  <message>Thread-1 value = 84
</message>
</record>
<record>
  <date>2021-02-22T15:59:22.644251800Z</date>
  <millis>1614009562644</millis>
  <nanos>251800</nanos>
  <sequence>89</sequence>
  <logger>MyRunnable</logger>
  <level>INFO</level>
  <class>MyRunnable</class>
  <method>run</method>
  <thread>16</thread>
  <message>Thread-1 value = 86
</message>
</record>
<record>
  <date>2021-02-22T15:59:22.644251800Z</date>
  <millis>1614009562644</millis>
  <nanos>251800</nanos>
  <sequence>91</sequence>
  <logger>MyRunnable</logger>
  <level>INFO</level>
  <class>MyRunnable</class>
  <method>run</method>
  <thread>16</thread>
  <message>Thread-1 value = 88
</message>
</record>
<record>
  <date>2021-02-22T15:59:22.645251800Z</date>
  <millis>1614009562645</millis>
  <nanos>251800</nanos>
  <sequence>93</sequence>
  <logger>MyRunnable</logger>
  <level>INFO</level>
  <class>MyRunnable</class>
  <method>run</method>
  <thread>16</thread>
  <message>Thread-1 value = 90
</message>
</record>
<record>
  <date>2021-02-22T15:59:22.645251800Z</date>
  <millis>1614009562645</millis>
  <nanos>251800</nanos>
  <sequence>95</sequence>
  <logger>MyRunnable</logger>
  <level>INFO</level>
  <class>MyRunnable</class>
  <method>run</method>
  <thread>16</thread>
  <message>Thread-1 value = 92
</message>
</record>
<record>
  <date>2021-02-22T15:59:22.646252700Z</date>
  <millis>1614009562646</millis>
  <nanos>252700</nanos>
  <sequence>97</sequence>
  <logger>MyRunnable</logger>
  <level>INFO</level>
  <class>MyRunnable</class>
  <method>run</method>
  <thread>16</thread>
  <message>Thread-1 value = 94
</message>
</record>
<record>
  <date>2021-02-22T15:59:22.646252700Z</date>
  <millis>1614009562646</millis>
  <nanos>252700</nanos>
  <sequence>99</sequence>
  <logger>MyRunnable</logger>
  <level>INFO</level>
  <class>MyRunnable</class>
  <method>run</method>
  <thread>16</thread>
  <message>Thread-1 value = 96
</message>
</record>
<record>
  <date>2021-02-22T15:59:22.647253500Z</date>
  <millis>1614009562647</millis>
  <nanos>253500</nanos>
  <sequence>101</sequence>
  <logger>MyRunnable</logger>
  <level>INFO</level>
  <class>MyRunnable</class>
  <method>run</method>
  <thread>16</thread>
  <message>Thread-1 value = 98
</message>
</record>
<record>
  <date>2021-02-22T15:59:22.647253500Z</date>
  <millis>1614009562647</millis>
  <nanos>253500</nanos>
  <sequence>103</sequence>
  <logger>MyRunnable</logger>
  <level>INFO</level>
  <class>MyRunnable</class>
  <method>run</method>
  <thread>16</thread>
  <message>MyRunnable finished.
</message>
</record>
</log>
